<?xml version="1.0" encoding="UTF-8" ?>
<testsuite tests="22" failures="0" name="com.qa.persistence.domain.ItemsTest" time="0" errors="0" skipped="0">
  <properties>
    <property name="java.runtime.name" value="OpenJDK Runtime Environment"/>
    <property name="sun.boot.library.path" value="/usr/lib/jvm/java-8-openjdk-amd64/jre/lib/amd64"/>
    <property name="java.vm.version" value="25.275-b01"/>
    <property name="java.vm.vendor" value="Private Build"/>
    <property name="maven.multiModuleProjectDirectory" value="/home/student/git/ims-demo"/>
    <property name="java.vendor.url" value="http://java.oracle.com/"/>
    <property name="path.separator" value=":"/>
    <property name="guice.disable.misplaced.annotation.check" value="true"/>
    <property name="java.vm.name" value="OpenJDK 64-Bit Server VM"/>
    <property name="file.encoding.pkg" value="sun.io"/>
    <property name="user.country" value="GB"/>
    <property name="sun.java.launcher" value="SUN_STANDARD"/>
    <property name="sun.os.patch.level" value="unknown"/>
    <property name="java.vm.specification.name" value="Java Virtual Machine Specification"/>
    <property name="user.dir" value="/home/student/git/ims-demo"/>
    <property name="java.runtime.version" value="1.8.0_275-8u275-b01-0ubuntu1~20.04-b01"/>
    <property name="java.awt.graphicsenv" value="sun.awt.X11GraphicsEnvironment"/>
    <property name="java.endorsed.dirs" value="/usr/lib/jvm/java-8-openjdk-amd64/jre/lib/endorsed"/>
    <property name="os.arch" value="amd64"/>
    <property name="java.io.tmpdir" value="/tmp"/>
    <property name="line.separator" value="
"/>
    <property name="java.vm.specification.vendor" value="Oracle Corporation"/>
    <property name="os.name" value="Linux"/>
    <property name="classworlds.conf" value="/home/student/eclipse-workspace/.metadata/.plugins/org.eclipse.m2e.launching/launches/m2conf8682997915937067084.tmp"/>
    <property name="sun.jnu.encoding" value="UTF-8"/>
    <property name="java.library.path" value="/usr/java/packages/lib/amd64:/usr/lib/x86_64-linux-gnu/jni:/lib/x86_64-linux-gnu:/usr/lib/x86_64-linux-gnu:/usr/lib/jni:/lib:/usr/lib"/>
    <property name="java.specification.name" value="Java Platform API Specification"/>
    <property name="java.class.version" value="52.0"/>
    <property name="sun.management.compiler" value="HotSpot 64-Bit Tiered Compilers"/>
    <property name="os.version" value="5.8.0-40-generic"/>
    <property name="user.home" value="/home/student"/>
    <property name="user.timezone" value="Europe/London"/>
    <property name="java.awt.printerjob" value="sun.print.PSPrinterJob"/>
    <property name="file.encoding" value="UTF-8"/>
    <property name="java.specification.version" value="1.8"/>
    <property name="user.name" value="student"/>
    <property name="java.class.path" value="/snap/eclipse/48/plugins/org.eclipse.m2e.maven.runtime_1.14.0.20191209-1923/jars/plexus-classworlds-2.6.0.jar"/>
    <property name="java.vm.specification.version" value="1.8"/>
    <property name="sun.arch.data.model" value="64"/>
    <property name="java.home" value="/usr/lib/jvm/java-8-openjdk-amd64/jre"/>
    <property name="sun.java.command" value="org.codehaus.plexus.classworlds.launcher.Launcher -B -U clean package"/>
    <property name="java.specification.vendor" value="Oracle Corporation"/>
    <property name="user.language" value="en"/>
    <property name="awt.toolkit" value="sun.awt.X11.XToolkit"/>
    <property name="java.vm.info" value="mixed mode"/>
    <property name="java.version" value="1.8.0_275"/>
    <property name="java.ext.dirs" value="/usr/lib/jvm/java-8-openjdk-amd64/jre/lib/ext:/usr/java/packages/lib/ext"/>
    <property name="securerandom.source" value="file:/dev/./urandom"/>
    <property name="sun.boot.class.path" value="/usr/lib/jvm/java-8-openjdk-amd64/jre/lib/resources.jar:/usr/lib/jvm/java-8-openjdk-amd64/jre/lib/rt.jar:/usr/lib/jvm/java-8-openjdk-amd64/jre/lib/sunrsasign.jar:/usr/lib/jvm/java-8-openjdk-amd64/jre/lib/jsse.jar:/usr/lib/jvm/java-8-openjdk-amd64/jre/lib/jce.jar:/usr/lib/jvm/java-8-openjdk-amd64/jre/lib/charsets.jar:/usr/lib/jvm/java-8-openjdk-amd64/jre/lib/jfr.jar:/usr/lib/jvm/java-8-openjdk-amd64/jre/classes"/>
    <property name="java.vendor" value="Private Build"/>
    <property name="maven.home" value="/home/student/git/ims-demo/EMBEDDED"/>
    <property name="file.separator" value="/"/>
    <property name="java.vendor.url.bug" value="http://bugreport.sun.com/bugreport/"/>
    <property name="sun.cpu.endian" value="little"/>
    <property name="sun.io.unicode.encoding" value="UnicodeLittle"/>
    <property name="sun.desktop" value="gnome"/>
    <property name="sun.cpu.isalist" value=""/>
  </properties>
  <testcase classname="com.qa.persistence.domain.ItemsTest" name="checkEqualityBetweenDifferentObjectsNullName" time="0"/>
  <testcase classname="com.qa.persistence.domain.ItemsTest" name="constructorWithoutId" time="0"/>
  <testcase classname="com.qa.persistence.domain.ItemsTest" name="itemNameNullButOtherNameNotNull" time="0"/>
  <testcase classname="com.qa.persistence.domain.ItemsTest" name="checkEqualityBetweenDifferentObjects" time="0"/>
  <testcase classname="com.qa.persistence.domain.ItemsTest" name="checkEquality" time="0"/>
  <testcase classname="com.qa.persistence.domain.ItemsTest" name="otherPriceDifferent" time="0"/>
  <testcase classname="com.qa.persistence.domain.ItemsTest" name="nullId" time="0"/>
  <testcase classname="com.qa.persistence.domain.ItemsTest" name="equalsWithNull" time="0"/>
  <testcase classname="com.qa.persistence.domain.ItemsTest" name="nullStockOnBoth" time="0"/>
  <testcase classname="com.qa.persistence.domain.ItemsTest" name="createItemWithId" time="0"/>
  <testcase classname="com.qa.persistence.domain.ItemsTest" name="otherStockDifferent" time="0"/>
  <testcase classname="com.qa.persistence.domain.ItemsTest" name="equalsWithDifferentObject" time="0"/>
  <testcase classname="com.qa.persistence.domain.ItemsTest" name="toStringTest" time="0"/>
  <testcase classname="com.qa.persistence.domain.ItemsTest" name="settersTest" time="0"/>
  <testcase classname="com.qa.persistence.domain.ItemsTest" name="nulldOnBoth" time="0"/>
  <testcase classname="com.qa.persistence.domain.ItemsTest" name="nullPrice" time="0"/>
  <testcase classname="com.qa.persistence.domain.ItemsTest" name="nullStock" time="0"/>
  <testcase classname="com.qa.persistence.domain.ItemsTest" name="itemNamesNotEqual" time="0"/>
  <testcase classname="com.qa.persistence.domain.ItemsTest" name="hashCodeTest" time="0"/>
  <testcase classname="com.qa.persistence.domain.ItemsTest" name="hashCodeTestWithNull" time="0"/>
  <testcase classname="com.qa.persistence.domain.ItemsTest" name="nullPriceOnBoth" time="0"/>
  <testcase classname="com.qa.persistence.domain.ItemsTest" name="otherIdDifferent" time="0"/>
</testsuite>